update-alternatives 2023-05-03 09:17:48: run with --install /usr/bin/lzma lzma /usr/bin/xz 20 --slave /usr/share/man/man1/lzma.1.gz lzma.1.gz /usr/share/man/man1/xz.1.gz --slave /usr/bin/unlzma unlzma /usr/bin/unxz --slave /usr/share/man/man1/unlzma.1.gz unlzma.1.gz /usr/share/man/man1/unxz.1.gz --slave /usr/bin/lzcat lzcat /usr/bin/xzcat --slave /usr/share/man/man1/lzcat.1.gz lzcat.1.gz /usr/share/man/man1/xzcat.1.gz --slave /usr/bin/lzmore lzmore /usr/bin/xzmore --slave /usr/share/man/man1/lzmore.1.gz lzmore.1.gz /usr/share/man/man1/xzmore.1.gz --slave /usr/bin/lzless lzless /usr/bin/xzless --slave /usr/share/man/man1/lzless.1.gz lzless.1.gz /usr/share/man/man1/xzless.1.gz --slave /usr/bin/lzdiff lzdiff /usr/bin/xzdiff --slave /usr/share/man/man1/lzdiff.1.gz lzdiff.1.gz /usr/share/man/man1/xzdiff.1.gz --slave /usr/bin/lzcmp lzcmp /usr/bin/xzcmp --slave /usr/share/man/man1/lzcmp.1.gz lzcmp.1.gz /usr/share/man/man1/xzcmp.1.gz --slave /usr/bin/lzgrep lzgrep /usr/bin/xzgrep --slave /usr/share/man/man1/lzgrep.1.gz lzgrep.1.gz /usr/share/man/man1/xzgrep.1.gz --slave /usr/bin/lzegrep lzegrep /usr/bin/xzegrep --slave /usr/share/man/man1/lzegrep.1.gz lzegrep.1.gz /usr/share/man/man1/xzegrep.1.gz --slave /usr/bin/lzfgrep lzfgrep /usr/bin/xzfgrep --slave /usr/share/man/man1/lzfgrep.1.gz lzfgrep.1.gz /usr/share/man/man1/xzfgrep.1.gz
update-alternatives 2023-05-03 09:17:48: link group lzma updated to point to /usr/bin/xz
update-alternatives 2023-05-03 09:17:48: run with --quiet --install /usr/bin/pinentry pinentry /usr/bin/pinentry-curses 50 --slave /usr/share/man/man1/pinentry.1.gz pinentry.1.gz /usr/share/man/man1/pinentry-curses.1.gz
update-alternatives 2023-05-03 09:17:48: link group pinentry updated to point to /usr/bin/pinentry-curses
update-alternatives 2023-05-03 09:17:48: run with --quiet --install /lib/cpp cpp /usr/bin/cpp 10
update-alternatives 2023-05-03 09:17:48: link group cpp updated to point to /usr/bin/cpp
update-alternatives 2023-05-03 09:17:49: run with --quiet --install /usr/bin/cc cc /usr/bin/gcc 20
update-alternatives 2023-05-03 09:17:49: link group cc updated to point to /usr/bin/gcc
update-alternatives 2023-05-03 09:17:49: run with --quiet --install /usr/bin/c89 c89 /usr/bin/c89-gcc 20 --slave /usr/share/man/man1/c89.1.gz c89.1.gz /usr/share/man/man1/c89-gcc.1.gz
update-alternatives 2023-05-03 09:17:49: link group c89 updated to point to /usr/bin/c89-gcc
update-alternatives 2023-05-03 09:17:49: run with --quiet --install /usr/bin/c99 c99 /usr/bin/c99-gcc 20 --slave /usr/share/man/man1/c99.1.gz c99.1.gz /usr/share/man/man1/c99-gcc.1.gz
update-alternatives 2023-05-03 09:17:49: link group c99 updated to point to /usr/bin/c99-gcc
update-alternatives 2023-05-03 09:22:22: run with --quiet --remove cc /usr/bin/gcc
update-alternatives 2023-05-03 09:22:22: link group cc fully removed
update-alternatives 2023-05-03 09:22:22: run with --quiet --remove c89 /usr/bin/c89-gcc
update-alternatives 2023-05-03 09:22:22: link group c89 fully removed
update-alternatives 2023-05-03 09:22:22: run with --quiet --remove c99 /usr/bin/c99-gcc
update-alternatives 2023-05-03 09:22:22: link group c99 fully removed
update-alternatives 2023-05-03 09:22:22: run with --quiet --remove cpp /usr/bin/cpp
update-alternatives 2023-05-03 09:22:22: link group cpp fully removed
update-alternatives 2023-05-03 09:22:23: run with --quiet --remove pinentry /usr/bin/pinentry-curses
update-alternatives 2023-05-03 09:22:23: link group pinentry fully removed
update-alternatives 2023-05-03 09:22:26: run with --remove lzma /usr/bin/xz
update-alternatives 2023-05-03 09:22:26: link group lzma fully removed
update-alternatives 2023-05-23 04:58:48: run with --install /usr/bin/vim vim /usr/bin/vim.basic 30
update-alternatives 2023-05-23 04:58:48: link group vim updated to point to /usr/bin/vim.basic
update-alternatives 2023-05-23 04:58:48: run with --install /usr/bin/vimdiff vimdiff /usr/bin/vim.basic 30
update-alternatives 2023-05-23 04:58:48: link group vimdiff updated to point to /usr/bin/vim.basic
update-alternatives 2023-05-23 04:58:48: run with --install /usr/bin/rvim rvim /usr/bin/vim.basic 30
update-alternatives 2023-05-23 04:58:48: link group rvim updated to point to /usr/bin/vim.basic
update-alternatives 2023-05-23 04:58:48: run with --install /usr/bin/rview rview /usr/bin/vim.basic 30
update-alternatives 2023-05-23 04:58:48: link group rview updated to point to /usr/bin/vim.basic
update-alternatives 2023-05-23 04:58:48: run with --install /usr/bin/vi vi /usr/bin/vim.basic 30 --slave /usr/share/man/da/man1/vi.1.gz vi.da.1.gz /usr/share/man/da/man1/vim.1.gz --slave /usr/share/man/de/man1/vi.1.gz vi.de.1.gz /usr/share/man/de/man1/vim.1.gz --slave /usr/share/man/fr/man1/vi.1.gz vi.fr.1.gz /usr/share/man/fr/man1/vim.1.gz --slave /usr/share/man/it/man1/vi.1.gz vi.it.1.gz /usr/share/man/it/man1/vim.1.gz --slave /usr/share/man/ja/man1/vi.1.gz vi.ja.1.gz /usr/share/man/ja/man1/vim.1.gz --slave /usr/share/man/pl/man1/vi.1.gz vi.pl.1.gz /usr/share/man/pl/man1/vim.1.gz --slave /usr/share/man/ru/man1/vi.1.gz vi.ru.1.gz /usr/share/man/ru/man1/vim.1.gz --slave /usr/share/man/man1/vi.1.gz vi.1.gz /usr/share/man/man1/vim.1.gz
update-alternatives 2023-05-23 04:58:48: link group vi updated to point to /usr/bin/vim.basic
update-alternatives 2023-05-23 04:58:48: run with --install /usr/bin/view view /usr/bin/vim.basic 30 --slave /usr/share/man/da/man1/view.1.gz view.da.1.gz /usr/share/man/da/man1/vim.1.gz --slave /usr/share/man/de/man1/view.1.gz view.de.1.gz /usr/share/man/de/man1/vim.1.gz --slave /usr/share/man/fr/man1/view.1.gz view.fr.1.gz /usr/share/man/fr/man1/vim.1.gz --slave /usr/share/man/it/man1/view.1.gz view.it.1.gz /usr/share/man/it/man1/vim.1.gz --slave /usr/share/man/ja/man1/view.1.gz view.ja.1.gz /usr/share/man/ja/man1/vim.1.gz --slave /usr/share/man/pl/man1/view.1.gz view.pl.1.gz /usr/share/man/pl/man1/vim.1.gz --slave /usr/share/man/ru/man1/view.1.gz view.ru.1.gz /usr/share/man/ru/man1/vim.1.gz --slave /usr/share/man/man1/view.1.gz view.1.gz /usr/share/man/man1/vim.1.gz
update-alternatives 2023-05-23 04:58:48: link group view updated to point to /usr/bin/vim.basic
update-alternatives 2023-05-23 04:58:48: run with --install /usr/bin/ex ex /usr/bin/vim.basic 30 --slave /usr/share/man/da/man1/ex.1.gz ex.da.1.gz /usr/share/man/da/man1/vim.1.gz --slave /usr/share/man/de/man1/ex.1.gz ex.de.1.gz /usr/share/man/de/man1/vim.1.gz --slave /usr/share/man/fr/man1/ex.1.gz ex.fr.1.gz /usr/share/man/fr/man1/vim.1.gz --slave /usr/share/man/it/man1/ex.1.gz ex.it.1.gz /usr/share/man/it/man1/vim.1.gz --slave /usr/share/man/ja/man1/ex.1.gz ex.ja.1.gz /usr/share/man/ja/man1/vim.1.gz --slave /usr/share/man/pl/man1/ex.1.gz ex.pl.1.gz /usr/share/man/pl/man1/vim.1.gz --slave /usr/share/man/ru/man1/ex.1.gz ex.ru.1.gz /usr/share/man/ru/man1/vim.1.gz --slave /usr/share/man/man1/ex.1.gz ex.1.gz /usr/share/man/man1/vim.1.gz
update-alternatives 2023-05-23 04:58:48: link group ex updated to point to /usr/bin/vim.basic
update-alternatives 2023-05-23 04:58:48: run with --install /usr/bin/editor editor /usr/bin/vim.basic 30 --slave /usr/share/man/da/man1/editor.1.gz editor.da.1.gz /usr/share/man/da/man1/vim.1.gz --slave /usr/share/man/de/man1/editor.1.gz editor.de.1.gz /usr/share/man/de/man1/vim.1.gz --slave /usr/share/man/fr/man1/editor.1.gz editor.fr.1.gz /usr/share/man/fr/man1/vim.1.gz --slave /usr/share/man/it/man1/editor.1.gz editor.it.1.gz /usr/share/man/it/man1/vim.1.gz --slave /usr/share/man/ja/man1/editor.1.gz editor.ja.1.gz /usr/share/man/ja/man1/vim.1.gz --slave /usr/share/man/pl/man1/editor.1.gz editor.pl.1.gz /usr/share/man/pl/man1/vim.1.gz --slave /usr/share/man/ru/man1/editor.1.gz editor.ru.1.gz /usr/share/man/ru/man1/vim.1.gz --slave /usr/share/man/man1/editor.1.gz editor.1.gz /usr/share/man/man1/vim.1.gz
update-alternatives 2023-05-23 04:58:48: link group editor updated to point to /usr/bin/vim.basic
update-alternatives 2025-07-18 06:21:50: run with --install /usr/bin/fakeroot fakeroot /usr/bin/fakeroot-sysv 50 --slave /usr/share/man/man1/fakeroot.1.gz fakeroot.1.gz /usr/share/man/man1/fakeroot-sysv.1.gz --slave /usr/share/man/man1/faked.1.gz faked.1.gz /usr/share/man/man1/faked-sysv.1.gz --slave /usr/share/man/es/man1/fakeroot.1.gz fakeroot.es.1.gz /usr/share/man/es/man1/fakeroot-sysv.1.gz --slave /usr/share/man/es/man1/faked.1.gz faked.es.1.gz /usr/share/man/es/man1/faked-sysv.1.gz --slave /usr/share/man/fr/man1/fakeroot.1.gz fakeroot.fr.1.gz /usr/share/man/fr/man1/fakeroot-sysv.1.gz --slave /usr/share/man/fr/man1/faked.1.gz faked.fr.1.gz /usr/share/man/fr/man1/faked-sysv.1.gz --slave /usr/share/man/sv/man1/fakeroot.1.gz fakeroot.sv.1.gz /usr/share/man/sv/man1/fakeroot-sysv.1.gz --slave /usr/share/man/sv/man1/faked.1.gz faked.sv.1.gz /usr/share/man/sv/man1/faked-sysv.1.gz
update-alternatives 2025-07-18 06:21:50: link group fakeroot updated to point to /usr/bin/fakeroot-sysv
update-alternatives 2025-07-18 06:21:50: run with --install /usr/bin/fakeroot fakeroot /usr/bin/fakeroot-tcp 30 --slave /usr/share/man/man1/fakeroot.1.gz fakeroot.1.gz /usr/share/man/man1/fakeroot-tcp.1.gz --slave /usr/share/man/man1/faked.1.gz faked.1.gz /usr/share/man/man1/faked-tcp.1.gz --slave /usr/share/man/es/man1/fakeroot.1.gz fakeroot.es.1.gz /usr/share/man/es/man1/fakeroot-tcp.1.gz --slave /usr/share/man/es/man1/faked.1.gz faked.es.1.gz /usr/share/man/es/man1/faked-tcp.1.gz --slave /usr/share/man/fr/man1/fakeroot.1.gz fakeroot.fr.1.gz /usr/share/man/fr/man1/fakeroot-tcp.1.gz --slave /usr/share/man/fr/man1/faked.1.gz faked.fr.1.gz /usr/share/man/fr/man1/faked-tcp.1.gz --slave /usr/share/man/sv/man1/fakeroot.1.gz fakeroot.sv.1.gz /usr/share/man/sv/man1/fakeroot-tcp.1.gz --slave /usr/share/man/sv/man1/faked.1.gz faked.sv.1.gz /usr/share/man/sv/man1/faked-tcp.1.gz
update-alternatives 2025-07-18 06:21:51: run with --install /usr/bin/lzma lzma /usr/bin/xz 20 --slave /usr/share/man/man1/lzma.1.gz lzma.1.gz /usr/share/man/man1/xz.1.gz --slave /usr/bin/unlzma unlzma /usr/bin/unxz --slave /usr/share/man/man1/unlzma.1.gz unlzma.1.gz /usr/share/man/man1/unxz.1.gz --slave /usr/bin/lzcat lzcat /usr/bin/xzcat --slave /usr/share/man/man1/lzcat.1.gz lzcat.1.gz /usr/share/man/man1/xzcat.1.gz --slave /usr/bin/lzmore lzmore /usr/bin/xzmore --slave /usr/share/man/man1/lzmore.1.gz lzmore.1.gz /usr/share/man/man1/xzmore.1.gz --slave /usr/bin/lzless lzless /usr/bin/xzless --slave /usr/share/man/man1/lzless.1.gz lzless.1.gz /usr/share/man/man1/xzless.1.gz --slave /usr/bin/lzdiff lzdiff /usr/bin/xzdiff --slave /usr/share/man/man1/lzdiff.1.gz lzdiff.1.gz /usr/share/man/man1/xzdiff.1.gz --slave /usr/bin/lzcmp lzcmp /usr/bin/xzcmp --slave /usr/share/man/man1/lzcmp.1.gz lzcmp.1.gz /usr/share/man/man1/xzcmp.1.gz --slave /usr/bin/lzgrep lzgrep /usr/bin/xzgrep --slave /usr/share/man/man1/lzgrep.1.gz lzgrep.1.gz /usr/share/man/man1/xzgrep.1.gz --slave /usr/bin/lzegrep lzegrep /usr/bin/xzegrep --slave /usr/share/man/man1/lzegrep.1.gz lzegrep.1.gz /usr/share/man/man1/xzegrep.1.gz --slave /usr/bin/lzfgrep lzfgrep /usr/bin/xzfgrep --slave /usr/share/man/man1/lzfgrep.1.gz lzfgrep.1.gz /usr/share/man/man1/xzfgrep.1.gz
update-alternatives 2025-07-18 06:21:51: link group lzma updated to point to /usr/bin/xz
update-alternatives 2025-07-18 06:21:51: run with --quiet --install /usr/bin/pinentry pinentry /usr/bin/pinentry-curses 50 --slave /usr/share/man/man1/pinentry.1.gz pinentry.1.gz /usr/share/man/man1/pinentry-curses.1.gz
update-alternatives 2025-07-18 06:21:51: link group pinentry updated to point to /usr/bin/pinentry-curses
update-alternatives 2025-07-18 06:21:51: run with --install /usr/bin/vim vim /usr/bin/vim.basic 30
update-alternatives 2025-07-18 06:21:51: run with --install /usr/bin/vimdiff vimdiff /usr/bin/vim.basic 30
update-alternatives 2025-07-18 06:21:51: run with --install /usr/bin/rvim rvim /usr/bin/vim.basic 30
update-alternatives 2025-07-18 06:21:51: run with --install /usr/bin/rview rview /usr/bin/vim.basic 30
update-alternatives 2025-07-18 06:21:51: run with --install /usr/bin/vi vi /usr/bin/vim.basic 30 --slave /usr/share/man/da/man1/vi.1.gz vi.da.1.gz /usr/share/man/da/man1/vim.1.gz --slave /usr/share/man/de/man1/vi.1.gz vi.de.1.gz /usr/share/man/de/man1/vim.1.gz --slave /usr/share/man/fr/man1/vi.1.gz vi.fr.1.gz /usr/share/man/fr/man1/vim.1.gz --slave /usr/share/man/it/man1/vi.1.gz vi.it.1.gz /usr/share/man/it/man1/vim.1.gz --slave /usr/share/man/ja/man1/vi.1.gz vi.ja.1.gz /usr/share/man/ja/man1/vim.1.gz --slave /usr/share/man/pl/man1/vi.1.gz vi.pl.1.gz /usr/share/man/pl/man1/vim.1.gz --slave /usr/share/man/ru/man1/vi.1.gz vi.ru.1.gz /usr/share/man/ru/man1/vim.1.gz --slave /usr/share/man/man1/vi.1.gz vi.1.gz /usr/share/man/man1/vim.1.gz
update-alternatives 2025-07-18 06:21:51: run with --install /usr/bin/view view /usr/bin/vim.basic 30 --slave /usr/share/man/da/man1/view.1.gz view.da.1.gz /usr/share/man/da/man1/vim.1.gz --slave /usr/share/man/de/man1/view.1.gz view.de.1.gz /usr/share/man/de/man1/vim.1.gz --slave /usr/share/man/fr/man1/view.1.gz view.fr.1.gz /usr/share/man/fr/man1/vim.1.gz --slave /usr/share/man/it/man1/view.1.gz view.it.1.gz /usr/share/man/it/man1/vim.1.gz --slave /usr/share/man/ja/man1/view.1.gz view.ja.1.gz /usr/share/man/ja/man1/vim.1.gz --slave /usr/share/man/pl/man1/view.1.gz view.pl.1.gz /usr/share/man/pl/man1/vim.1.gz --slave /usr/share/man/ru/man1/view.1.gz view.ru.1.gz /usr/share/man/ru/man1/vim.1.gz --slave /usr/share/man/man1/view.1.gz view.1.gz /usr/share/man/man1/vim.1.gz
update-alternatives 2025-07-18 06:21:51: run with --install /usr/bin/ex ex /usr/bin/vim.basic 30 --slave /usr/share/man/da/man1/ex.1.gz ex.da.1.gz /usr/share/man/da/man1/vim.1.gz --slave /usr/share/man/de/man1/ex.1.gz ex.de.1.gz /usr/share/man/de/man1/vim.1.gz --slave /usr/share/man/fr/man1/ex.1.gz ex.fr.1.gz /usr/share/man/fr/man1/vim.1.gz --slave /usr/share/man/it/man1/ex.1.gz ex.it.1.gz /usr/share/man/it/man1/vim.1.gz --slave /usr/share/man/ja/man1/ex.1.gz ex.ja.1.gz /usr/share/man/ja/man1/vim.1.gz --slave /usr/share/man/pl/man1/ex.1.gz ex.pl.1.gz /usr/share/man/pl/man1/vim.1.gz --slave /usr/share/man/ru/man1/ex.1.gz ex.ru.1.gz /usr/share/man/ru/man1/vim.1.gz --slave /usr/share/man/man1/ex.1.gz ex.1.gz /usr/share/man/man1/vim.1.gz
update-alternatives 2025-07-18 06:21:51: run with --install /usr/bin/editor editor /usr/bin/vim.basic 30 --slave /usr/share/man/da/man1/editor.1.gz editor.da.1.gz /usr/share/man/da/man1/vim.1.gz --slave /usr/share/man/de/man1/editor.1.gz editor.de.1.gz /usr/share/man/de/man1/vim.1.gz --slave /usr/share/man/fr/man1/editor.1.gz editor.fr.1.gz /usr/share/man/fr/man1/vim.1.gz --slave /usr/share/man/it/man1/editor.1.gz editor.it.1.gz /usr/share/man/it/man1/vim.1.gz --slave /usr/share/man/ja/man1/editor.1.gz editor.ja.1.gz /usr/share/man/ja/man1/vim.1.gz --slave /usr/share/man/pl/man1/editor.1.gz editor.pl.1.gz /usr/share/man/pl/man1/vim.1.gz --slave /usr/share/man/ru/man1/editor.1.gz editor.ru.1.gz /usr/share/man/ru/man1/vim.1.gz --slave /usr/share/man/man1/editor.1.gz editor.1.gz /usr/share/man/man1/vim.1.gz
update-alternatives 2025-07-18 06:21:52: run with --quiet --install /lib/cpp cpp /usr/bin/cpp 10
update-alternatives 2025-07-18 06:21:52: link group cpp updated to point to /usr/bin/cpp
update-alternatives 2025-07-18 06:21:55: run with --quiet --install /usr/bin/cc cc /usr/bin/gcc 20
update-alternatives 2025-07-18 06:21:55: link group cc updated to point to /usr/bin/gcc
update-alternatives 2025-07-18 06:21:55: run with --quiet --install /usr/bin/c89 c89 /usr/bin/c89-gcc 20 --slave /usr/share/man/man1/c89.1.gz c89.1.gz /usr/share/man/man1/c89-gcc.1.gz
update-alternatives 2025-07-18 06:21:55: link group c89 updated to point to /usr/bin/c89-gcc
update-alternatives 2025-07-18 06:21:55: run with --quiet --install /usr/bin/c99 c99 /usr/bin/c99-gcc 20 --slave /usr/share/man/man1/c99.1.gz c99.1.gz /usr/share/man/man1/c99-gcc.1.gz
update-alternatives 2025-07-18 06:21:55: link group c99 updated to point to /usr/bin/c99-gcc
update-alternatives 2025-07-18 06:21:55: run with --install /usr/bin/c++ c++ /usr/bin/g++ 20
update-alternatives 2025-07-18 06:21:55: link group c++ updated to point to /usr/bin/g++
